0 silly argv {
0 silly argv   _: [ 'bootstrap' ],
0 silly argv   lernaVersion: '6.1.0',
0 silly argv   '$0': 'node_modules\\lerna\\cli.js'
0 silly argv }
1 notice cli v6.1.0
2 verbose rootPath C:\Dev\Projects\FaMoney_node
3 error JSONError: Unexpected token "}" (0x7D) in JSON at position 359 while parsing near "...**/*.ts\\\" --fix\",\n  },\n  \"devDependencie..." in packages\commons\commons-api\package.json
3 error
3 error [0m [90m  9 |[39m     [32m"build"[39m[33m:[39m [32m"tsc --build --watch"[39m[33m,[39m[0m
3 error [0m [90m 10 |[39m     [32m"lint"[39m[33m:[39m [32m"eslint \"{src,apps,libs,test}/**/*.ts\" --fix"[39m[33m,[39m[0m
3 error [0m[31m[1m>[22m[39m[90m 11 |[39m   }[33m,[39m[0m
3 error [0m [90m    |[39m   [31m[1m^[22m[39m[0m
3 error [0m [90m 12 |[39m   [32m"devDependencies"[39m[33m:[39m {[0m
3 error [0m [90m 13 |[39m     [32m"@types/node"[39m[33m:[39m [32m"^16.0.0"[39m[33m,[39m[0m
3 error [0m [90m 14 |[39m     [32m"@typescript-eslint/eslint-plugin"[39m[33m:[39m [32m"^5.0.0"[39m[33m,[39m[0m
3 error
3 error     at parseJson (C:\Dev\Projects\FaMoney_node\node_modules\parse-json\index.js:29:21)
3 error     at parse (C:\Dev\Projects\FaMoney_node\node_modules\load-json-file\index.js:15:9)
3 error     at module.exports (C:\Dev\Projects\FaMoney_node\node_modules\load-json-file\index.js:18:47)
